<?xml version="1.0" encoding="UTF-8"?>
<testsuite xmlns:xsi="http://www.w3.org/2001/XMLSchema-instance" xsi:noNamespaceSchemaLocation="https://maven.apache.org/surefire/maven-surefire-plugin/xsd/surefire-test-report-3.0.xsd" version="3.0" name="com.example.futticoappserver.FutTicoAppServerApplicationTests" time="3.104" tests="1" errors="0" skipped="0" failures="0">
  <properties>
[...]
</properties>
  <testcase name="contextLoads" classname="com.example.futticoappserver.FutTicoAppServerApplicationTests" time="0.631">
    <system-out><![CDATA[10:23:35.318 [main] INFO org.springframework.test.context.support.AnnotationConfigContextLoaderUtils -- Could not detect default configuration classes for test class [com.example.futticoappserver.FutTicoAppServerApplicationTests]: FutTicoAppServerApplicationTests does not declare any static, non-private, non-final, nested classes annotated with @Configuration.
10:23:35.396 [main] INFO org.springframework.boot.test.context.SpringBootTestContextBootstrapper -- Found @SpringBootConfiguration com.example.futticoappserver.FutTicoAppServerApplication for test class com.example.futticoappserver.FutTicoAppServerApplicationTests

  .   ____          _            __ _ _
 /\\ / ___'_ __ _ _(_)_ __  __ _ \ \ \ \
( ( )\___ | '_ | '_| | '_ \/ _` | \ \ \ \
 \\/  ___)| |_)| | | | | || (_| |  ) ) ) )
  '  |____| .__|_| |_|_| |_\__, | / / / /
 =========|_|==============|___/=/_/_/_/
 :: Spring Boot ::                (v3.1.3)

2026-02-21T10:23:35.687-06:00  INFO 6339 --- [           main] c.e.f.FutTicoAppServerApplicationTests   : Starting FutTicoAppServerApplicationTests using Java 21.0.9 with PID 6339 (started by claudio-dev-pc in /home/claudio-dev-pc/Documents/SOFTWARE APPS/WEB FULLSTACK/fut-app-reservations/fut-tico-app-server)
2026-02-21T10:23:35.688-06:00  INFO 6339 --- [           main] c.e.f.FutTicoAppServerApplicationTests   : No active profile set, falling back to 1 default profile: "default"
2026-02-21T10:23:36.142-06:00  INFO 6339 --- [           main] .s.d.r.c.RepositoryConfigurationDelegate : Bootstrapping Spring Data MongoDB repositories in DEFAULT mode.
2026-02-21T10:23:36.185-06:00  INFO 6339 --- [           main] .s.d.r.c.RepositoryConfigurationDelegate : Finished Spring Data repository scanning in 40 ms. Found 5 MongoDB repository interfaces.
2026-02-21T10:23:36.726-06:00  INFO 6339 --- [kxg.mongodb.net] org.mongodb.driver.cluster               : Adding discovered server ac-zinoohx-shard-00-00.vsizkxg.mongodb.net:27017 to client view of cluster
2026-02-21T10:23:36.737-06:00  INFO 6339 --- [           main] org.mongodb.driver.client                : MongoClient with metadata {"driver": {"name": "mongo-java-driver|sync|spring-boot", "version": "4.9.1"}, "os": {"type": "Linux", "name": "Linux", "architecture": "amd64", "version": "6.18.10-200.fc43.x86_64"}, "platform": "Java/JetBrains s.r.o./21.0.9+10-b1163.94"} created with settings MongoClientSettings{readPreference=primary, writeConcern=WriteConcern{w=majority, wTimeout=null ms, journal=null}, retryWrites=true, retryReads=true, readConcern=ReadConcern{level=null}, credential=MongoCredential{mechanism=null, userName='FutTicoReservationAdmin', source='admin', password=<hidden>, mechanismProperties=<hidden>}, streamFactoryFactory=null, commandListeners=[io.micrometer.core.instrument.binder.mongodb.MongoMetricsCommandListener@739e8b96], codecRegistry=ProvidersCodecRegistry{codecProviders=[ValueCodecProvider{}, BsonValueCodecProvider{}, DBRefCodecProvider{}, DBObjectCodecProvider{}, DocumentCodecProvider{}, CollectionCodecProvider{}, IterableCodecProvider{}, MapCodecProvider{}, GeoJsonCodecProvider{}, GridFSFileCodecProvider{}, Jsr310CodecProvider{}, JsonObjectCodecProvider{}, BsonCodecProvider{}, EnumCodecProvider{}, com.mongodb.client.model.mql.ExpressionCodecProvider@19b07407, com.mongodb.Jep395RecordCodecProvider@54ffa561]}, loggerSettings=LoggerSettings{maxDocumentLength=1000}, clusterSettings={hosts=[127.0.0.1:27017], srvHost=futticoreservationenv.vsizkxg.mongodb.net, srvServiceName=mongodb, mode=MULTIPLE, requiredClusterType=REPLICA_SET, requiredReplicaSetName='atlas-oksye4-shard-0', serverSelector='null', clusterListeners='[]', serverSelectionTimeout='30000 ms', localThreshold='30000 ms'}, socketSettings=SocketSettings{connectTimeoutMS=10000, readTimeoutMS=0, receiveBufferSize=0, sendBufferSize=0}, heartbeatSocketSettings=SocketSettings{connectTimeoutMS=10000, readTimeoutMS=10000, receiveBufferSize=0, sendBufferSize=0}, connectionPoolSettings=ConnectionPoolSettings{maxSize=100, minSize=0, maxWaitTimeMS=120000, maxConnectionLifeTimeMS=0, maxConnectionIdleTimeMS=0, maintenanceInitialDelayMS=0, maintenanceFrequencyMS=60000, connectionPoolListeners=[io.micrometer.core.instrument.binder.mongodb.MongoMetricsConnectionPoolListener@49c099b], maxConnecting=2}, serverSettings=ServerSettings{heartbeatFrequencyMS=10000, minHeartbeatFrequencyMS=500, serverListeners='[]', serverMonitorListeners='[]'}, sslSettings=SslSettings{enabled=true, invalidHostNameAllowed=false, context=null}, applicationName='null', compressorList=[], uuidRepresentation=JAVA_LEGACY, serverApi=null, autoEncryptionSettings=null, contextProvider=null}
2026-02-21T10:23:36.745-06:00  INFO 6339 --- [kxg.mongodb.net] org.mongodb.driver.cluster               : Adding discovered server ac-zinoohx-shard-00-01.vsizkxg.mongodb.net:27017 to client view of cluster
2026-02-21T10:23:36.746-06:00  INFO 6339 --- [kxg.mongodb.net] org.mongodb.driver.cluster               : Adding discovered server ac-zinoohx-shard-00-02.vsizkxg.mongodb.net:27017 to client view of cluster
2026-02-21T10:23:37.287-06:00  INFO 6339 --- [ngodb.net:27017] org.mongodb.driver.cluster               : Monitor thread successfully connected to server with description ServerDescription{address=ac-zinoohx-shard-00-01.vsizkxg.mongodb.net:27017, type=REPLICA_SET_PRIMARY, state=CONNECTED, ok=true, minWireVersion=0, maxWireVersion=25, maxDocumentSize=16777216, logicalSessionTimeoutMinutes=30, roundTripTimeNanos=352967907, setName='atlas-oksye4-shard-0', canonicalAddress=ac-zinoohx-shard-00-01.vsizkxg.mongodb.net:27017, hosts=[ac-zinoohx-shard-00-00.vsizkxg.mongodb.net:27017, ac-zinoohx-shard-00-02.vsizkxg.mongodb.net:27017, ac-zinoohx-shard-00-01.vsizkxg.mongodb.net:27017], passives=[], arbiters=[], primary='ac-zinoohx-shard-00-01.vsizkxg.mongodb.net:27017', tagSet=TagSet{[Tag{name='availabilityZone', value='use1-az4'}, Tag{name='diskState', value='READY'}, Tag{name='nodeType', value='ELECTABLE'}, Tag{name='provider', value='AWS'}, Tag{name='region', value='US_EAST_1'}, Tag{name='workloadType', value='OPERATIONAL'}]}, electionId=7fffffff00000000000001e5, setVersion=12, topologyVersion=TopologyVersion{processId=698f8a3b3c54099c64a861c8, counter=6}, lastWriteDate=Sat Feb 21 10:23:37 CST 2026, lastUpdateTimeNanos=17889585824417}
2026-02-21T10:23:37.287-06:00  INFO 6339 --- [ngodb.net:27017] org.mongodb.driver.cluster               : Monitor thread successfully connected to server with description ServerDescription{address=ac-zinoohx-shard-00-02.vsizkxg.mongodb.net:27017, type=REPLICA_SET_SECONDARY, state=CONNECTED, ok=true, minWireVersion=0, maxWireVersion=25, maxDocumentSize=16777216, logicalSessionTimeoutMinutes=30, roundTripTimeNanos=352765052, setName='atlas-oksye4-shard-0', canonicalAddress=ac-zinoohx-shard-00-02.vsizkxg.mongodb.net:27017, hosts=[ac-zinoohx-shard-00-00.vsizkxg.mongodb.net:27017, ac-zinoohx-shard-00-02.vsizkxg.mongodb.net:27017, ac-zinoohx-shard-00-01.vsizkxg.mongodb.net:27017], passives=[], arbiters=[], primary='ac-zinoohx-shard-00-01.vsizkxg.mongodb.net:27017', tagSet=TagSet{[Tag{name='availabilityZone', value='use1-az6'}, Tag{name='diskState', value='READY'}, Tag{name='nodeType', value='ELECTABLE'}, Tag{name='provider', value='AWS'}, Tag{name='region', value='US_EAST_1'}, Tag{name='workloadType', value='OPERATIONAL'}]}, electionId=null, setVersion=12, topologyVersion=TopologyVersion{processId=698f8c02a4ca850eeaa136f7, counter=3}, lastWriteDate=Sat Feb 21 10:23:37 CST 2026, lastUpdateTimeNanos=17889585758522}
2026-02-21T10:23:37.287-06:00  INFO 6339 --- [ngodb.net:27017] org.mongodb.driver.cluster               : Monitor thread successfully connected to server with description ServerDescription{address=ac-zinoohx-shard-00-00.vsizkxg.mongodb.net:27017, type=REPLICA_SET_SECONDARY, state=CONNECTED, ok=true, minWireVersion=0, maxWireVersion=25, maxDocumentSize=16777216, logicalSessionTimeoutMinutes=30, roundTripTimeNanos=352893205, setName='atlas-oksye4-shard-0', canonicalAddress=ac-zinoohx-shard-00-00.vsizkxg.mongodb.net:27017, hosts=[ac-zinoohx-shard-00-00.vsizkxg.mongodb.net:27017, ac-zinoohx-shard-00-02.vsizkxg.mongodb.net:27017, ac-zinoohx-shard-00-01.vsizkxg.mongodb.net:27017], passives=[], arbiters=[], primary='ac-zinoohx-shard-00-01.vsizkxg.mongodb.net:27017', tagSet=TagSet{[Tag{name='availabilityZone', value='use1-az2'}, Tag{name='diskState', value='READY'}, Tag{name='nodeType', value='ELECTABLE'}, Tag{name='provider', value='AWS'}, Tag{name='region', value='US_EAST_1'}, Tag{name='workloadType', value='OPERATIONAL'}]}, electionId=null, setVersion=12, topologyVersion=TopologyVersion{processId=698f87d58709d884f55e2b1e, counter=4}, lastWriteDate=Sat Feb 21 10:23:37 CST 2026, lastUpdateTimeNanos=17889585758512}
2026-02-21T10:23:37.291-06:00  INFO 6339 --- [ngodb.net:27017] org.mongodb.driver.cluster               : Discovered replica set primary ac-zinoohx-shard-00-01.vsizkxg.mongodb.net:27017 with max election id 7fffffff00000000000001e5 and max set version 12
2026-02-21T10:23:37.535-06:00  INFO 6339 --- [           main] o.s.b.a.e.web.EndpointLinksResolver      : Exposing 1 endpoint(s) beneath base path '/actuator'
2026-02-21T10:23:37.581-06:00  INFO 6339 --- [           main] c.e.f.FutTicoAppServerApplicationTests   : Started FutTicoAppServerApplicationTests in 2.094 seconds (process running for 2.726)
]]></system-out>
    <system-err><![CDATA[WARNING: A Java agent has been loaded dynamically (/home/claudio-dev-pc/.m2/repository/net/bytebuddy/byte-buddy-agent/1.14.6/byte-buddy-agent-1.14.6.jar)
WARNING: If a serviceability tool is in use, please run with -XX:+EnableDynamicAgentLoading to hide this warning
WARNING: If a serviceability tool is not in use, please run with -Djdk.instrument.traceUsage for more information
WARNING: Dynamic loading of agents will be disallowed by default in a future release
]]></system-err>
  </testcase>
</testsuite>